epoch	batch	iter	loss	loss1	loss2	prec1	lr
1	1	1	442.1327819824219	0.7216182947158813	11035.279296875	50.0	0.01
1	2	2	424.0009765625	0.6790386438369751	10583.048828125	55.0	0.01
1	3	3	431.9510192871094	0.6221776604652405	10783.220703125	55.0	0.01
1	4	4	425.307373046875	0.7713012099266052	10613.40234375	50.0	0.01
1	5	5	444.461669921875	0.8483892679214478	11090.33203125	50.0	0.01
1	6	6	422.39996337890625	0.9446085095405579	10536.3837890625	50.0	0.01
1	7	7	394.01885986328125	0.9899280667304993	9825.7236328125	50.0	0.01
1	8	8	409.1614990234375	0.8040596842765808	10208.9365234375	50.0	0.01
1	9	9	417.6913757324219	1.050307035446167	10416.02734375	55.0	0.01
1	10	10	407.4016418457031	0.7516512274742126	10166.25	65.0	0.01
1	11	11	424.0823669433594	0.7152289748191833	10584.1787109375	65.0	0.01
1	12	12	392.2998962402344	0.6488821506500244	9791.275390625	65.0	0.01
1	13	13	426.16864013671875	0.6646650433540344	10637.599609375	55.0	0.01
1	14	14	419.969482421875	0.5234652757644653	10486.150390625	65.0	0.01
1	15	15	392.05126953125	0.6013192534446716	9786.2490234375	70.0	0.01
1	16	16	414.2528991699219	0.49941444396972656	10343.8369140625	75.0	0.01
1	17	17	410.3134765625	0.6402735710144043	10241.8310546875	70.0	0.01
1	18	18	410.6699523925781	0.6583495736122131	10250.2900390625	70.0	0.01
1	19	19	416.67291259765625	0.5847345590591431	10402.2041015625	80.0	0.01
1	20	20	409.6248779296875	0.8355332612991333	10219.7333984375	45.0	0.01
1	21	21	391.2445373535156	0.47707778215408325	9769.1865234375	85.0	0.01
1	22	22	408.4645690917969	0.7326516509056091	10193.2978515625	70.0	0.01
1	23	23	411.70416259765625	0.5154059529304504	10279.71875	80.0	0.01
1	24	24	395.6240234375	0.47455185651779175	9878.7373046875	80.0	0.01
1	25	25	430.5026550292969	0.4950900673866272	10750.189453125	75.0	0.01
1	26	26	386.0206604003906	0.426693856716156	9639.849609375	80.0	0.01
1	27	27	420.1757507324219	0.39660295844078064	10494.478515625	85.0	0.01
1	28	28	403.91400146484375	0.3459131121635437	10089.2021484375	85.0	0.01
1	29	29	387.15386962890625	0.6904178261756897	9661.5859375	70.0	0.01
1	30	30	393.9640197753906	0.45386481285095215	9837.75390625	75.0	0.01
1	31	31	385.4891662597656	0.5123069882392883	9624.421875	70.0	0.01
1	32	32	379.43743896484375	0.38920342922210693	9476.2060546875	85.0	0.01
1	33	33	377.5757141113281	0.45832809805870056	9427.935546875	75.0	0.01
1	34	34	399.78973388671875	0.30864566564559937	9987.02734375	95.0	0.01
1	35	35	385.4010314941406	0.6909586787223816	9617.751953125	70.0	0.01
1	36	36	365.22174072265625	0.5852231383323669	9115.9130859375	70.0	0.01
1	37	37	372.9151306152344	0.43826824426651	9311.921875	80.0	0.01
1	38	38	371.6434326171875	0.4330615997314453	9280.2587890625	80.0	0.01
1	39	39	374.879638671875	0.5057103633880615	9359.3486328125	85.0	0.01
1	40	40	387.59100341796875	0.3980107307434082	9679.8251953125	90.0	0.01
1	41	41	385.77081298828125	0.5154826045036316	9631.3837890625	75.0	0.01
1	42	42	366.4383239746094	0.8016624450683594	9140.9169921875	70.0	0.01
1	43	43	355.9190673828125	0.460930734872818	8886.453125	65.0	0.01
1	44	44	375.7661437988281	0.44276532530784607	9383.083984375	80.0	0.01
1	45	45	363.9206237792969	0.6435509324073792	9081.9267578125	65.0	0.01
1	46	46	355.3110046386719	0.6665520071983337	8866.111328125	75.0	0.01
1	47	47	361.8051452636719	0.3930169641971588	9035.3037109375	75.0	0.01
1	48	48	378.0072937011719	0.5509001612663269	9436.41015625	70.0	0.01
1	49	49	356.80322265625	0.7472529411315918	8901.3994140625	55.0	0.01
1	50	50	364.357421875	0.5016382932662964	9096.39453125	80.0	0.01
1	51	51	348.4963073730469	0.3789527714252472	8702.93359375	90.0	0.01
1	52	52	328.6524658203125	0.6570723652839661	8199.884765625	65.0	0.01
1	53	53	325.7574462890625	0.48814553022384644	8131.732421875	80.0	0.01
1	54	54	325.4286804199219	0.3740086555480957	8126.36669921875	80.0	0.01
1	55	55	310.2583312988281	0.7093189358711243	7738.7255859375	60.0	0.01
1	56	56	327.97186279296875	0.6787823438644409	8182.32763671875	75.0	0.01
1	57	57	292.92822265625	0.7624224424362183	7304.14501953125	60.0	0.01
1	58	58	298.9678955078125	0.4819818139076233	7462.14794921875	75.0	0.01
1	59	59	305.6869812011719	0.4166545271873474	7631.75830078125	70.0	0.01
1	60	60	303.92071533203125	0.5111228227615356	7585.240234375	70.0	0.01
1	61	61	307.01446533203125	0.3918231725692749	7665.56640625	80.0	0.01
1	62	62	284.725830078125	0.6925801038742065	7100.83154296875	65.0	0.01
1	63	63	273.2691955566406	0.7519010305404663	6812.9326171875	60.0	0.01
1	64	64	261.3040466308594	0.49551382660865784	6520.21337890625	80.0	0.01
1	65	65	264.7144470214844	0.5977877378463745	6602.91650390625	70.0	0.01
1	66	66	259.5000915527344	0.5923171043395996	6472.6943359375	60.0	0.01
1	67	67	247.8686981201172	0.6292007565498352	6180.98779296875	65.0	0.01
1	68	68	261.3597412109375	0.5831392407417297	6519.41552734375	70.0	0.01
1	69	69	239.0065460205078	0.4671105444431305	5963.48583984375	75.0	0.01
1	70	70	246.02635192871094	0.3714771568775177	6141.3720703125	90.0	0.01
1	71	71	227.3233642578125	0.4796024262905121	5671.09423828125	70.0	0.01
1	72	72	225.79296875	0.5158229470252991	5631.9287109375	80.0	0.01
1	73	73	217.3809356689453	0.40387335419654846	5424.4267578125	95.0	0.01
1	74	74	211.84335327148438	0.5526460409164429	5282.26806640625	70.0	0.01
1	75	75	179.32733154296875	0.7562320828437805	4464.27783203125	60.0	0.01
1	76	76	163.8251953125	0.5664425492286682	4081.46923828125	65.0	0.01
1	77	77	191.61514282226562	0.6649802327156067	4773.75439453125	60.0	0.01
1	78	78	165.21942138671875	0.38548001646995544	4120.8486328125	80.0	0.01
1	79	79	166.56256103515625	0.4503222405910492	4152.80615234375	80.0	0.01
1	80	80	157.8450164794922	0.5925139784812927	3931.3125	55.0	0.01
1	81	81	156.72767639160156	0.4020141065120697	3908.141845703125	80.0	0.01
1	82	82	154.00897216796875	0.27024999260902405	3843.46826171875	95.0	0.01
1	83	83	134.0321502685547	0.6028059124946594	3335.73388671875	80.0	0.01
1	84	84	140.32025146484375	0.5350121259689331	3494.630859375	65.0	0.01
1	85	85	131.90452575683594	0.5908030271530151	3282.843017578125	65.0	0.01
1	86	86	114.6653060913086	0.5071989893913269	2853.95263671875	75.0	0.01
1	87	87	119.8727798461914	0.3897283971309662	2987.076416015625	75.0	0.01
1	88	88	112.46470642089844	0.24062032997608185	2805.60205078125	95.0	0.01
1	89	89	96.32122802734375	0.6263178586959839	2392.372802734375	55.0	0.01
1	90	90	104.88774108886719	0.25530630350112915	2615.810791015625	100.0	0.01
1	91	91	95.66239929199219	0.3821095824241638	2382.00732421875	90.0	0.01
1	92	92	97.87239074707031	0.5479303002357483	2433.111572265625	80.0	0.01
1	93	93	79.119384765625	0.2899680733680725	1970.7354736328125	90.0	0.01
1	94	94	80.57368469238281	0.265841543674469	2007.6962890625	95.0	0.01
1	95	95	80.18767547607422	0.33790987730026245	1996.244140625	85.0	0.01
1	96	96	73.43695068359375	0.27801671624183655	1828.973388671875	95.0	0.01
1	97	97	68.7147216796875	0.43883809447288513	1706.897216796875	75.0	0.01
1	98	98	70.97476959228516	0.3268088400363922	1766.19921875	85.0	0.01
1	99	99	69.15145874023438	0.504875123500824	1716.16455078125	70.0	0.01
1	100	100	58.85124969482422	0.6648896336555481	1454.6590576171875	75.0	0.01
1	101	101	64.45446014404297	0.6077693700790405	1596.167236328125	65.0	0.01
1	102	102	69.70053100585938	0.6154114007949829	1727.1280517578125	75.0	0.01
1	103	103	50.5324592590332	0.5117373466491699	1250.51806640625	85.0	0.01
1	104	104	63.71281814575195	0.49188846349716187	1580.523193359375	75.0	0.01
1	105	105	70.59204864501953	0.5390147566795349	1751.3258056640625	75.0	0.01
1	106	106	67.55239868164062	0.29892006516456604	1681.3370361328125	80.0	0.01
1	107	107	58.23085021972656	0.4541248381137848	1444.418212890625	80.0	0.01
1	108	108	60.740482330322266	0.656178891658783	1502.107666015625	65.0	0.01
1	109	109	41.0761604309082	0.6098582148551941	1011.6575317382812	75.0	0.01
1	110	110	54.63824462890625	0.30913498997688293	1358.227783203125	90.0	0.01
1	111	111	52.38688659667969	0.3869827091693878	1299.9976806640625	85.0	0.01
1	112	112	72.56318664550781	0.4897362291812897	1801.836181640625	75.0	0.01
1	113	113	60.93684768676758	0.4491688311100006	1512.1920166015625	75.0	0.01
1	114	114	49.36815643310547	0.5040267109870911	1221.603271484375	80.0	0.01
1	115	115	49.07337951660156	0.6861910223960876	1209.6796875	70.0	0.01
1	116	116	52.3668212890625	0.4461440443992615	1298.0169677734375	70.0	0.01
1	117	117	53.60319900512695	0.6333634853363037	1324.2459716796875	75.0	0.01
1	118	118	59.09650421142578	0.40404877066612244	1467.3114013671875	80.0	0.01
1	119	119	66.77198028564453	0.6110274791717529	1654.0238037109375	65.0	0.01
1	120	120	53.314735412597656	0.36569276452064514	1323.72607421875	80.0	0.01
1	121	121	52.07752990722656	0.5570489168167114	1288.0120849609375	70.0	0.01
1	122	122	65.49977111816406	0.3649970293045044	1628.369384765625	85.0	0.01
1	123	123	54.18564987182617	0.5310629606246948	1341.36474609375	70.0	0.01
1	124	124	49.954559326171875	0.47348642349243164	1237.02685546875	80.0	0.01
1	125	125	58.25980758666992	0.5810911655426025	1441.9678955078125	70.0	0.01
1	126	126	51.185455322265625	0.5109268426895142	1266.86328125	70.0	0.01
1	127	127	54.28036880493164	0.6684261560440063	1340.298583984375	60.0	0.01
1	128	128	66.83920288085938	0.36319541931152344	1661.9002685546875	80.0	0.01
1	129	129	48.95647430419922	0.3314248323440552	1215.626220703125	85.0	0.01
1	130	130	60.54549789428711	0.5707968473434448	1499.3675537109375	80.0	0.01
1	131	131	61.96650695800781	0.5705375671386719	1534.8992919921875	70.0	0.01
1	132	132	55.681217193603516	0.598162055015564	1377.076416015625	65.0	0.01
1	133	133	45.051082611083984	0.5046912431716919	1113.6597900390625	75.0	0.01
1	134	134	63.255584716796875	0.6256142854690552	1565.749267578125	60.0	0.01
1	135	135	59.984954833984375	0.4984358251094818	1487.1629638671875	75.0	0.01
1	136	136	47.18961715698242	0.4246126711368561	1169.1251220703125	75.0	0.01
1	137	137	53.50767135620117	0.5222163200378418	1324.6363525390625	70.0	0.01
1	138	138	47.99325942993164	0.5018637180328369	1187.284912109375	70.0	0.01
1	139	139	54.281829833984375	0.7242103815078735	1338.9405517578125	60.0	0.01
1	140	140	47.069183349609375	0.45543965697288513	1165.3436279296875	75.0	0.01
1	141	141	41.08353805541992	0.7405067086219788	1008.5758056640625	50.0	0.01
1	142	142	46.682289123535156	0.38809138536453247	1157.35498046875	85.0	0.01
1	143	143	45.31730651855469	0.6976909041404724	1115.490478515625	60.0	0.01
1	144	144	45.01350021362305	0.3405230939388275	1116.824462890625	85.0	0.01
1	145	145	62.92570877075195	0.5578514337539673	1559.196533203125	60.0	0.01
1	146	146	54.09569549560547	0.4550114572048187	1341.01708984375	75.0	0.01
1	147	147	56.05601501464844	0.5617287755012512	1387.357177734375	70.0	0.01
1	148	148	46.44736862182617	0.40368613600730896	1151.092041015625	75.0	0.01
1	149	149	55.20079040527344	0.6318979859352112	1364.222412109375	65.0	0.01
1	150	150	45.51002883911133	0.6339080333709717	1121.903076171875	70.0	0.01
1	151	151	50.86423110961914	0.6633200645446777	1255.0228271484375	70.0	0.01
1	152	152	43.54702377319336	0.5883544087409973	1073.9666748046875	70.0	0.01
1	153	153	50.564430236816406	0.5242643356323242	1251.004150390625	70.0	0.01
1	154	154	55.84242248535156	0.5634134411811829	1381.975341796875	70.0	0.01
1	155	155	44.49840545654297	0.4163195490837097	1102.0521240234375	75.0	0.01
1	156	156	44.27247619628906	0.6029839515686035	1091.7373046875	70.0	0.01
1	157	157	47.77617645263672	0.36839935183525085	1185.1944580078125	90.0	0.01
1	158	158	44.342044830322266	0.5907885432243347	1093.7813720703125	60.0	0.01
1	159	159	42.67301559448242	0.3867260813713074	1057.1572265625	80.0	0.01
1	160	160	46.9015007019043	0.3093336224555969	1164.80419921875	90.0	0.01
1	161	161	47.12253952026367	0.4005451798439026	1168.0498046875	75.0	0.01
1	162	162	53.56636428833008	0.5250991582870483	1326.0316162109375	75.0	0.01
1	163	163	44.83639907836914	0.6317384839057922	1105.1165771484375	70.0	0.01
1	164	164	43.80203628540039	0.6064260601997375	1079.8902587890625	65.0	0.01
1	165	165	35.59056854248047	0.516721248626709	876.8462524414062	70.0	0.01
1	166	166	61.46633529663086	0.5046790242195129	1524.0413818359375	75.0	0.01
1	167	167	44.12203598022461	0.4444340169429779	1091.9400634765625	80.0	0.01
1	168	168	31.642044067382812	0.7177771925926208	773.106689453125	75.0	0.01
1	169	169	46.46076202392578	0.5778065323829651	1147.0738525390625	70.0	0.01
1	170	170	36.158470153808594	0.37783241271972656	894.5159301757812	70.0	0.01
1	171	171	43.071868896484375	0.4949987530708313	1064.4217529296875	75.0	0.01
1	172	172	33.24937057495117	0.5212621092796326	818.2026977539062	70.0	0.01
1	173	173	34.52901077270508	0.41469836235046387	852.8577880859375	85.0	0.01
1	174	174	49.791114807128906	0.6673337817192078	1228.094482421875	75.0	0.01
1	175	175	42.38894271850586	0.31459861993789673	1051.858642578125	95.0	0.01
1	176	176	36.93166732788086	0.35472041368484497	914.4237060546875	85.0	0.01
1	177	177	40.90984344482422	0.39624008536338806	1012.8401489257812	80.0	0.01
1	178	178	39.79803466796875	0.39480099081993103	985.0808715820312	85.0	0.01
1	179	179	41.659427642822266	0.4429611563682556	1030.41162109375	80.0	0.01
1	180	180	42.207176208496094	0.40806707739830017	1044.977783203125	80.0	0.01
1	181	181	30.193439483642578	0.29286128282546997	747.5144653320312	90.0	0.01
1	182	182	37.892215728759766	0.43435531854629517	936.446533203125	75.0	0.01
1	183	183	38.54377746582031	0.6962889432907104	946.1871948242188	70.0	0.01
1	184	184	37.13791275024414	0.5977426767349243	913.5042724609375	80.0	0.01
1	185	185	37.49411392211914	0.46830660104751587	925.6452026367188	75.0	0.01
1	186	186	37.64501190185547	0.5291872024536133	927.8956298828125	80.0	0.01
1	187	187	41.65720748901367	0.45135751366615295	1030.146240234375	90.0	0.01
1	188	188	39.58938980102539	0.2454046756029129	983.5996704101562	90.0	0.01
1	189	189	39.56147384643555	0.3205079138278961	981.024169921875	85.0	0.01
1	190	190	39.12020492553711	0.6168047189712524	962.5849609375	60.0	0.01
1	191	191	29.9122314453125	0.5104582905769348	735.0443725585938	75.0	0.01
1	192	192	34.04553985595703	0.333731472492218	842.7952270507812	90.0	0.01
1	193	193	26.639081954956055	0.5821350812911987	651.4237060546875	80.0	0.01
1	194	194	38.83940887451172	0.30629491806030273	963.3279418945312	85.0	0.01
1	195	195	40.48521423339844	0.46856194734573364	1000.416259765625	85.0	0.01
1	196	196	37.61482238769531	0.5336385369300842	927.0296020507812	70.0	0.01
1	197	197	33.732147216796875	0.4586338996887207	831.837890625	70.0	0.01
1	198	198	32.76880645751953	0.448732852935791	808.0018310546875	75.0	0.01
1	199	199	25.564525604248047	0.45104724168777466	627.8369750976562	85.0	0.01
1	200	200	30.61972427368164	0.42001453042030334	754.9927368164062	85.0	0.01
1	201	201	43.625972747802734	0.3553740978240967	1081.7650146484375	85.0	0.01
1	202	202	43.27808380126953	0.3538516163825989	1073.1058349609375	90.0	0.01
1	203	203	45.2652473449707	0.3780500292778015	1122.179931640625	85.0	0.01
1	204	204	31.352062225341797	0.3716512620449066	774.5103149414062	90.0	0.01
1	205	205	36.56023406982422	0.956443190574646	890.0947875976562	55.0	0.01
1	206	206	32.51366424560547	0.5826257467269897	798.2760009765625	70.0	0.01
1	207	207	26.193283081054688	0.3886377811431885	645.1161499023438	80.0	0.01
1	208	208	30.384939193725586	0.6066533923149109	744.4571533203125	65.0	0.01
1	209	209	29.7672176361084	0.7507951855659485	725.4105834960938	60.0	0.01
1	210	210	36.63539505004883	0.516009509563446	902.9846801757812	60.0	0.01
1	211	211	35.9386100769043	0.3389347791671753	889.9918823242188	80.0	0.01
1	212	212	25.782161712646484	0.29206982254981995	637.2523193359375	90.0	0.01
1	213	213	33.228580474853516	0.40501922369003296	820.5890502929688	80.0	0.01
1	214	214	28.0758056640625	0.5667852759361267	687.7255249023438	65.0	0.01
1	215	215	44.96632385253906	0.48656073212623596	1111.994140625	70.0	0.01
1	216	216	29.678407669067383	0.4169926643371582	731.535400390625	90.0	0.01
1	217	217	27.93312644958496	0.34956973791122437	689.5889282226562	90.0	0.01
1	218	218	31.21915626525879	0.7671529650688171	761.3001098632812	60.0	0.01
1	219	219	27.07112693786621	0.5975004434585571	661.8406982421875	70.0	0.01
1	220	220	39.71297836303711	0.5058985948562622	980.177001953125	75.0	0.01
1	221	221	26.541927337646484	0.6270521283149719	647.8718872070312	65.0	0.01
1	222	222	26.675312042236328	0.37459897994995117	657.517822265625	85.0	0.01
1	223	223	36.482566833496094	0.32797813415527344	903.8646850585938	80.0	0.01
1	224	224	33.518367767333984	0.47530215978622437	826.07666015625	75.0	0.01
1	225	225	25.754480361938477	0.41738396883010864	633.4274291992188	70.0	0.01
1	226	226	32.22130584716797	0.457547664642334	794.093994140625	75.0	0.01
1	227	227	29.976816177368164	0.4094913601875305	739.1831665039062	80.0	0.01
1	228	228	23.950361251831055	0.49947696924209595	586.2720947265625	65.0	0.01
1	229	229	30.74205207824707	0.648482620716095	752.3392333984375	75.0	0.01
1	230	230	24.748323440551758	0.30614182353019714	611.0545654296875	85.0	0.01
1	231	231	25.900146484375	0.6904527544975281	630.2423706054688	65.0	0.01
1	232	232	22.19127655029297	0.34859058260917664	546.067138671875	90.0	0.01
1	233	233	34.09638595581055	0.35922080278396606	843.4290771484375	75.0	0.01
1	234	234	23.742372512817383	0.3510294258594513	584.7835693359375	80.0	0.01
1	235	235	25.604204177856445	0.6283475756645203	624.3964233398438	60.0	0.01
1	236	236	27.145095825195312	0.5125799179077148	665.8128662109375	80.0	0.01
1	237	237	25.34027862548828	0.8869450688362122	611.3333129882812	65.0	0.01
1	238	238	30.033588409423828	0.4849514365196228	738.7159423828125	85.0	0.01
1	239	239	26.256370544433594	0.3606148362159729	647.3939208984375	85.0	0.01
1	240	240	28.214807510375977	0.7208834290504456	687.3480834960938	65.0	0.01
1	241	241	32.11532211303711	0.6873443126678467	785.699462890625	65.0	0.01
1	242	242	30.486581802368164	0.33856576681137085	753.700439453125	90.0	0.01
1	243	243	25.376163482666016	0.5084165930747986	621.6936645507812	70.0	0.01
1	244	244	22.524089813232422	0.7473288774490356	544.4190063476562	65.0	0.01
1	245	245	31.11203384399414	0.4400368630886078	766.7999267578125	70.0	0.01
1	246	246	28.355648040771484	0.3536437749862671	700.0501098632812	85.0	0.01
1	247	247	27.688846588134766	0.47657912969589233	680.3067016601562	80.0	0.01
1	248	248	39.3368034362793	0.44414934515953064	972.3163452148438	75.0	0.01
1	249	249	28.529821395874023	0.44165879487991333	702.2041015625	75.0	0.01
1	250	250	27.11452293395996	0.4715380072593689	666.0746459960938	70.0	0.01
1	251	251	30.04315757751465	0.6415882110595703	735.0392456054688	80.0	0.01
1	252	252	28.398696899414062	0.6137332916259766	694.6240844726562	75.0	0.01
1	253	253	21.950836181640625	0.2782147228717804	541.8155517578125	90.0	0.01
1	254	254	24.737537384033203	0.49189671874046326	606.1409912109375	75.0	0.01
1	255	255	24.170696258544922	0.5094572305679321	591.531005859375	65.0	0.01
1	256	256	19.758832931518555	0.4514393210411072	482.68487548828125	75.0	0.01
1	257	257	20.760047912597656	0.42668789625167847	508.33404541015625	85.0	0.01
1	258	258	20.40704345703125	0.29295608401298523	502.8522033691406	90.0	0.01
1	259	259	19.00642967224121	0.34584692120552063	466.51458740234375	85.0	0.01
1	260	260	34.41245651245117	0.8796423077583313	838.3203735351562	55.0	0.01
1	261	261	24.523263931274414	0.41691508889198303	602.65869140625	75.0	0.01
1	262	262	23.082447052001953	0.4205021262168884	566.5486450195312	80.0	0.01
1	263	263	21.264080047607422	0.365433931350708	522.4661254882812	85.0	0.01
1	264	264	34.51839065551758	0.4787331223487854	850.991455078125	70.0	0.01
1	265	265	24.265884399414062	0.2666832506656647	599.9800415039062	95.0	0.01
1	266	266	31.671249389648438	0.4576205313205719	780.3407592773438	80.0	0.01
1	267	267	22.61903953552246	0.5784323215484619	551.0151977539062	65.0	0.01
1	268	268	26.485092163085938	0.6226805448532104	646.560302734375	70.0	0.01
1	269	269	22.35345458984375	0.5498586297035217	545.0899047851562	60.0	0.01
1	270	270	25.47551155090332	0.3425055146217346	628.3251342773438	90.0	0.01
1	271	271	25.342613220214844	0.2657334506511688	626.9219970703125	100.0	0.01
1	272	272	26.59449577331543	0.48839449882507324	652.652587890625	75.0	0.01
1	273	273	22.475208282470703	0.5958942174911499	546.9828491210938	75.0	0.01
1	274	274	23.33578109741211	0.44433116912841797	572.2862548828125	75.0	0.01
1	275	275	19.935787200927734	0.905890941619873	475.7474060058594	65.0	0.01
1	276	276	23.988304138183594	0.22734315693378448	594.0240478515625	100.0	0.01
1	277	277	21.433734893798828	0.5302020311355591	522.5883178710938	70.0	0.01
1	278	278	21.414222717285156	0.35839390754699707	526.3956909179688	85.0	0.01
1	279	279	20.725149154663086	0.622633159160614	502.5628967285156	70.0	0.01
1	280	280	26.723697662353516	0.4559238851070404	656.6943969726562	75.0	0.01
1	281	281	22.07294273376465	0.6133924126625061	536.48876953125	65.0	0.01
1	282	282	22.609281539916992	0.2883112132549286	558.0242919921875	90.0	0.01
1	283	283	21.969038009643555	0.26923972368240356	542.4949951171875	90.0	0.01
1	284	284	20.298412322998047	0.34372806549072266	498.8671569824219	90.0	0.01
1	285	285	18.10569953918457	0.47723907232284546	440.71148681640625	70.0	0.01
1	286	286	24.913818359375	0.3669559359550476	613.6715698242188	85.0	0.01
1	287	287	18.438623428344727	0.7639437913894653	441.8669738769531	60.0	0.01
1	288	288	21.463171005249023	0.3937315344810486	526.7359619140625	80.0	0.01
1	289	289	21.802932739257812	0.29703980684280396	537.6473388671875	90.0	0.01
1	290	290	18.815467834472656	0.3653694689273834	461.25244140625	80.0	0.01
1	291	291	21.235149383544922	0.47003722190856934	519.1278076171875	80.0	0.01
1	292	292	18.034873962402344	0.3956892490386963	440.9796142578125	85.0	0.01
1	293	293	20.259620666503906	0.527410626411438	493.3052673339844	70.0	0.01
1	294	294	19.960004806518555	0.25815802812576294	492.5461730957031	90.0	0.01
1	295	295	18.27337074279785	0.37897640466690063	447.35986328125	80.0	0.01
1	296	296	18.63578224182129	0.2695339620113373	459.1562194824219	95.0	0.01
1	297	297	20.454105377197266	0.5209360122680664	498.3292541503906	75.0	0.01
1	298	298	21.776607513427734	0.6888000965118408	527.1951904296875	65.0	0.01
1	299	299	19.545846939086914	0.4413592219352722	477.6122131347656	75.0	0.01
1	300	300	20.006162643432617	0.4834567904472351	488.0676574707031	80.0	0.01
1	301	301	17.20452880859375	0.5211436152458191	417.08465576171875	75.0	0.01
1	302	302	17.76944351196289	0.35995152592658997	435.2373046875	80.0	0.01
1	303	303	18.550132751464844	0.6091364026069641	448.52490234375	75.0	0.01
1	304	304	18.891494750976562	0.31110718846321106	464.50970458984375	85.0	0.01
1	305	305	15.195469856262207	0.33560872077941895	371.4965515136719	85.0	0.01
1	306	306	24.22765350341797	0.31563612818717957	597.8004760742188	85.0	0.01
1	307	307	17.174753189086914	0.32494407892227173	421.2452697753906	85.0	0.01
1	308	308	16.17259407043457	0.46748024225234985	392.6278381347656	75.0	0.01
1	309	309	15.084406852722168	0.4467369019985199	365.9417419433594	70.0	0.01
1	310	310	25.514171600341797	0.6074539422988892	622.66796875	70.0	0.01
1	311	311	21.908851623535156	0.5737858414649963	533.3766479492188	75.0	0.01
1	312	312	22.220211029052734	0.315339595079422	547.6217651367188	85.0	0.01
1	313	313	21.49406623840332	0.3747151792049408	527.9837646484375	75.0	0.01
1	314	314	19.307098388671875	0.1830943077802658	478.1001281738281	100.0	0.01
1	315	315	17.425870895385742	0.5732258558273315	421.316162109375	65.0	0.01
1	316	316	16.740352630615234	0.318806916475296	410.53863525390625	85.0	0.01
1	317	317	19.353557586669922	0.49035730957984924	471.5800476074219	85.0	0.01
1	318	318	13.646706581115723	0.5293124914169312	327.93487548828125	70.0	0.01
1	319	319	17.492385864257812	0.2553307116031647	430.9263916015625	90.0	0.01
1	320	320	21.4456787109375	0.6068683862686157	520.9702758789062	70.0	0.01
1	321	321	18.048912048339844	0.4419901967048645	440.1730651855469	80.0	0.01
1	322	322	20.43255043029785	0.701470136642456	493.27703857421875	65.0	0.01
1	323	323	19.56023597717285	0.5031731724739075	476.42657470703125	70.0	0.01
1	324	324	16.416194915771484	0.48521143198013306	398.27459716796875	75.0	0.01
1	325	325	20.95420265197754	0.45908164978027344	512.3780517578125	75.0	0.01
1	326	326	18.822086334228516	0.5886700749397278	455.8354187011719	75.0	0.01
1	327	327	20.268266677856445	0.47656601667404175	494.7925109863281	75.0	0.01
1	328	328	18.906856536865234	0.5270782709121704	459.4944763183594	65.0	0.01
1	329	329	22.536617279052734	0.23486705124378204	557.5437622070312	100.0	0.01
1	330	330	18.597900390625	0.5395239591598511	451.45941162109375	75.0	0.01
1	331	331	19.934295654296875	0.5550054311752319	484.4822692871094	65.0	0.01
1	332	332	16.39276123046875	0.36978673934936523	400.5743713378906	90.0	0.01
1	333	333	20.600284576416016	0.7324185967445374	496.6966857910156	60.0	0.01
1	334	334	14.806594848632812	0.287564218044281	362.97576904296875	85.0	0.01
1	335	335	15.843814849853516	0.49073904752731323	383.826904296875	80.0	0.01
1	336	336	23.89303207397461	0.45201438665390015	586.0254516601562	80.0	0.01
1	337	337	17.1042537689209	0.5787609815597534	413.1373291015625	75.0	0.01
1	338	338	18.244590759277344	0.2687864601612091	449.39508056640625	90.0	0.01
1	339	339	17.305139541625977	0.48656320571899414	420.46441650390625	80.0	0.01
1	340	340	17.765892028808594	0.7300082445144653	425.8970642089844	65.0	0.01
1	341	341	18.15235710144043	0.6080124974250793	438.6086120605469	70.0	0.01
1	342	342	17.748519897460938	0.602712094783783	428.6451721191406	65.0	0.01
1	343	343	16.560258865356445	0.44161954522132874	402.96600341796875	80.0	0.01
1	344	344	21.270278930664062	0.6156504154205322	516.36572265625	75.0	0.01
1	345	345	16.011445999145508	0.5513145327568054	386.5032958984375	70.0	0.01
1	346	346	15.680961608886719	0.372982919216156	382.699462890625	80.0	0.01
1	347	347	16.927186965942383	0.34352627396583557	414.5915222167969	95.0	0.01
1	348	348	14.857324600219727	0.33709055185317993	363.005859375	75.0	0.01
1	349	349	13.601454734802246	0.5434837937355042	326.44927978515625	70.0	0.01
1	350	350	17.991252899169922	0.4587741792201996	438.3119812011719	75.0	0.01
1	351	351	16.5806827545166	0.47179341316223145	402.72222900390625	70.0	0.01
1	352	352	17.313446044921875	0.3955991864204407	422.9461669921875	80.0	0.01
1	353	353	14.390926361083984	0.5230115056037903	346.6978759765625	75.0	0.01
1	354	354	15.73901081085205	0.44532641768455505	382.34210205078125	80.0	0.01
1	355	355	18.091215133666992	0.437863826751709	441.3337707519531	75.0	0.01
1	356	356	15.15323543548584	0.5505183935165405	365.06793212890625	70.0	0.01
1	357	357	16.782428741455078	0.3786601126194	410.0942077636719	75.0	0.01
1	358	358	16.800708770751953	0.5668764114379883	405.8457946777344	70.0	0.01
1	359	359	28.187612533569336	0.5202494859695435	691.68408203125	80.0	0.01
1	360	360	17.059900283813477	0.29375481605529785	419.1536560058594	90.0	0.01
1	361	361	17.242387771606445	0.4199067950248718	420.5620422363281	80.0	0.01
1	362	362	16.298898696899414	0.37629422545433044	398.06512451171875	80.0	0.01
1	363	363	18.74115753173828	0.3366929590702057	460.11163330078125	85.0	0.01
1	364	364	18.693864822387695	0.34653037786483765	458.683349609375	85.0	0.01
1	365	365	17.439985275268555	0.43978118896484375	425.0050964355469	85.0	0.01
1	366	366	14.48046875	0.356403112411499	353.1016540527344	95.0	0.01
1	367	367	14.545146942138672	0.47235339879989624	351.8198547363281	80.0	0.01
1	368	368	15.212593078613281	0.5000669360160828	367.81317138671875	80.0	0.01
1	369	369	14.920564651489258	0.8070276379585266	352.83843994140625	70.0	0.01
1	370	370	15.522735595703125	0.2810317873954773	381.0426025390625	90.0	0.01
1	371	371	16.85442543029785	0.5490114092826843	407.6353759765625	75.0	0.01
1	372	372	15.579669952392578	0.4773057997226715	377.5591125488281	65.0	0.01
1	373	373	16.366622924804688	0.571007251739502	394.890380859375	85.0	0.01
1	374	374	17.634235382080078	0.37016090750694275	431.60186767578125	80.0	0.01
1	375	375	15.498003959655762	0.42845654487609863	376.73870849609375	80.0	0.01
1	376	376	15.904661178588867	0.39634931087493896	387.70782470703125	75.0	0.01
1	377	377	16.199462890625	0.5266963243484497	391.8191833496094	80.0	0.01
1	378	378	16.967971801757812	0.5055862665176392	411.55963134765625	80.0	0.01
1	379	379	16.10735511779785	0.21407386660575867	397.3320617675781	95.0	0.01
1	380	380	15.162193298339844	0.40904173254966736	368.82879638671875	80.0	0.01
1	381	381	16.32672882080078	0.4258175492286682	397.5227966308594	80.0	0.01
1	382	382	16.591360092163086	0.3481752276420593	406.07965087890625	80.0	0.01
1	383	383	14.294647216796875	0.3163742423057556	349.45684814453125	90.0	0.01
1	384	384	16.996952056884766	0.31558287143707275	417.03424072265625	85.0	0.01
1	385	385	12.308067321777344	0.6105201244354248	292.4386901855469	75.0	0.01
1	386	386	14.258831977844238	0.6497473120689392	340.2271423339844	75.0	0.01
1	387	387	16.43163299560547	0.7106962203979492	393.0234069824219	65.0	0.01
1	388	388	13.681479454040527	0.4410206377506256	331.011474609375	75.0	0.01
1	389	389	14.760234832763672	0.5449495911598206	355.38214111328125	80.0	0.01
1	390	390	12.87888240814209	0.24667653441429138	315.8051452636719	90.0	0.01
1	391	391	13.384126663208008	0.5696058869361877	320.363037109375	60.0	0.01
1	392	392	14.15621280670166	0.5643847584724426	339.79571533203125	75.0	0.01
1	393	393	16.176546096801758	0.6097728610038757	389.1693115234375	80.0	0.01
1	394	394	14.88179874420166	0.456000417470932	360.64495849609375	80.0	0.01
1	395	395	23.56981658935547	0.283253014087677	582.1641235351562	95.0	0.01
1	396	396	14.655630111694336	0.3709612786769867	357.1167297363281	80.0	0.01
1	397	397	15.674263000488281	0.7476206421852112	373.16607666015625	70.0	0.01
1	398	398	12.366801261901855	0.6526150107383728	292.85467529296875	55.0	0.01
1	399	399	14.001953125	0.30144768953323364	342.51263427734375	90.0	0.01
1	400	400	13.024730682373047	0.34591761231422424	316.9703369140625	90.0	0.01
1	401	401	12.459136962890625	0.42546916007995605	300.8417053222656	75.0	0.01
1	402	402	14.10189151763916	0.3382575809955597	344.0908508300781	80.0	0.01
1	403	403	19.899076461791992	0.4976526200771332	485.03564453125	70.0	0.01
1	404	404	14.616849899291992	0.20536383986473083	360.2871398925781	100.0	0.01
1	405	405	12.296646118164062	0.5095008611679077	294.67864990234375	70.0	0.01
1	406	406	15.146207809448242	0.31432878971099854	370.7969665527344	95.0	0.01
1	407	407	14.237544059753418	0.5840259790420532	341.33795166015625	75.0	0.01
1	408	408	13.219504356384277	0.14957691729068756	326.7481994628906	100.0	0.01
1	409	409	22.067888259887695	0.513093888759613	538.869873046875	80.0	0.01
1	410	410	13.229555130004883	0.8015697598457336	310.69964599609375	65.0	0.01
1	411	411	10.989527702331543	0.4607142508029938	263.2203369140625	70.0	0.01
1	412	412	12.25281047821045	0.4688153862953186	294.5998840332031	70.0	0.01
1	413	413	10.598893165588379	0.4531688690185547	253.6431121826172	75.0	0.01
1	414	414	13.890779495239258	0.3190986216068268	339.2920227050781	90.0	0.01
1	415	415	15.29690170288086	0.30758070945739746	374.7330322265625	90.0	0.01
1	416	416	11.453927993774414	0.4171140789985657	275.92034912109375	90.0	0.01
1	417	417	16.58811378479004	0.698447048664093	397.2416687011719	60.0	0.01
1	418	418	12.26075553894043	0.42455917596817017	295.9049072265625	75.0	0.01
1	419	419	13.549151420593262	0.6025659441947937	323.6646423339844	70.0	0.01
1	420	420	16.125425338745117	0.5688765048980713	388.9137268066406	75.0	0.01
1	421	421	13.686521530151367	0.465648889541626	330.5218200683594	70.0	0.01
1	422	422	13.354618072509766	0.2129114419221878	328.54266357421875	95.0	0.01
1	423	423	14.637614250183105	0.2848716676235199	358.8185729980469	95.0	0.01
1	424	424	11.901261329650879	0.5738099813461304	283.1863098144531	70.0	0.01
1	425	425	13.191954612731934	0.399991899728775	319.799072265625	85.0	0.01
1	426	426	14.28272819519043	0.3543385863304138	348.2097473144531	75.0	0.01
1	427	427	14.14293384552002	0.2941911220550537	346.21856689453125	85.0	0.01
1	428	428	11.350859642028809	0.5411545038223267	270.24261474609375	85.0	0.01
1	429	429	14.363380432128906	0.5998964905738831	344.08709716796875	65.0	0.01
1	430	430	11.876351356506348	0.43188801407814026	286.1116027832031	80.0	0.01
1	431	431	13.267099380493164	0.8161937594413757	311.27264404296875	60.0	0.01
1	432	432	15.118885040283203	0.39708635210990906	368.04498291015625	80.0	0.01
1	433	433	12.894545555114746	0.5648191571235657	308.2431640625	75.0	0.01
1	434	434	16.496240615844727	0.6532167196273804	396.07562255859375	75.0	0.01
1	435	435	12.521785736083984	0.3110135793685913	305.2693176269531	90.0	0.01
1	436	436	14.249231338500977	0.36987394094467163	346.98394775390625	85.0	0.01
1	437	437	14.078634262084961	0.5731359720230103	337.637451171875	70.0	0.01
1	438	438	10.287615776062012	0.5865310430526733	242.52713012695312	60.0	0.01
1	439	439	27.00241470336914	0.5233938097953796	661.9755249023438	75.0	0.01
1	440	440	12.931541442871094	0.4451698362827301	312.1593017578125	80.0	0.01
1	441	441	13.115918159484863	0.5810257196426392	313.372314453125	65.0	0.01
1	442	442	16.773494720458984	0.4008922576904297	409.3150634765625	85.0	0.01
1	443	443	14.626968383789062	0.36515286564826965	356.5453796386719	95.0	0.01
1	444	444	14.936604499816895	0.5135743021965027	360.57574462890625	65.0	0.01
1	445	445	15.463099479675293	0.5064733624458313	373.9156494140625	75.0	0.01
1	446	446	14.873814582824707	0.5755184888839722	357.4573974609375	65.0	0.01
1	447	447	13.418356895446777	0.39745861291885376	325.5224609375	80.0	0.01
1	448	448	12.63500690460205	0.6545230150222778	299.5121154785156	70.0	0.01
1	449	449	12.368117332458496	0.5567174553871155	295.2850036621094	70.0	0.01
1	450	450	18.369930267333984	0.637077271938324	443.32135009765625	70.0	0.01
1	451	451	15.307223320007324	0.3385627865791321	374.2165222167969	80.0	0.01
1	452	452	16.02058219909668	0.4503394067287445	389.2560729980469	75.0	0.01
1	453	453	14.269824028015137	0.3839479982852936	347.14691162109375	75.0	0.01
1	454	454	11.069881439208984	0.3503715991973877	267.9877624511719	90.0	0.01
1	455	455	14.089384078979492	0.6010130643844604	337.20928955078125	75.0	0.01
1	456	456	14.225238800048828	0.344069242477417	347.02923583984375	85.0	0.01
1	457	457	10.704870223999023	0.37991029024124146	258.1239929199219	80.0	0.01
1	458	458	14.56352710723877	0.4335247874259949	353.25006103515625	80.0	0.01
1	459	459	14.10916519165039	0.31747114658355713	344.7923583984375	95.0	0.01
1	460	460	13.21079158782959	0.551504909992218	316.482177734375	80.0	0.01
1	461	461	16.04892921447754	0.309531569480896	393.4849548339844	90.0	0.01
1	462	462	14.271723747253418	0.26311278343200684	350.21527099609375	85.0	0.01
1	463	463	11.636859893798828	0.5679413080215454	276.72296142578125	65.0	0.01
1	464	464	12.16629695892334	0.49087515473365784	291.88555908203125	80.0	0.01
1	465	465	19.864429473876953	0.4209391474723816	486.0872802734375	85.0	0.01
1	466	466	15.50649356842041	0.5641152858734131	373.5594482421875	70.0	0.01
1	467	467	11.598050117492676	0.5374029874801636	276.51617431640625	65.0	0.01
1	468	468	19.411823272705078	0.4236923158168793	474.7032775878906	85.0	0.01
1	469	469	12.665891647338867	0.321117103099823	308.6193542480469	90.0	0.01
1	470	470	37.43668746948242	0.4977828860282898	923.47265625	80.0	0.01
1	471	471	12.83526611328125	0.41834181547164917	310.4231262207031	85.0	0.01
1	472	472	12.551872253417969	0.2760396897792816	306.89581298828125	95.0	0.01
1	473	473	14.112696647644043	0.46283823251724243	341.2464599609375	75.0	0.01
1	474	474	14.670063972473145	0.35393401980400085	357.90325927734375	85.0	0.01
1	475	475	17.93785285949707	0.4624485969543457	436.8851318359375	85.0	0.01
1	476	476	16.26204490661621	0.20858383178710938	401.3365478515625	90.0	0.01
1	477	477	14.47247314453125	0.34156176447868347	353.2727966308594	85.0	0.01
1	478	478	14.575923919677734	0.6566324234008789	347.9822998046875	70.0	0.01
1	479	479	10.760534286499023	0.3610493838787079	259.98712158203125	80.0	0.01
1	480	480	13.185791969299316	0.35210323333740234	320.84222412109375	90.0	0.01
1	481	481	10.711771965026855	0.3450757563114166	259.16741943359375	90.0	0.01
1	482	482	19.066526412963867	0.34165531396865845	468.12176513671875	90.0	0.01
1	483	483	11.85153579711914	0.4746518135070801	284.422119140625	80.0	0.01
1	484	484	16.395498275756836	0.5179905891418457	396.93768310546875	70.0	0.01
1	485	485	13.082606315612793	0.4833926558494568	314.9803466796875	85.0	0.01
1	486	486	14.48141098022461	0.6533096432685852	345.7025451660156	75.0	0.01
1	487	487	15.3975191116333	0.4189939498901367	374.463134765625	75.0	0.01
1	488	488	11.493778228759766	0.28770309686660767	280.1518859863281	85.0	0.01
1	489	489	12.162261962890625	0.737093985080719	285.62921142578125	65.0	0.01
1	490	490	14.357644081115723	0.635689377784729	343.0488586425781	75.0	0.01
1	491	491	15.706555366516113	0.2666422724723816	385.9978332519531	90.0	0.01
1	492	492	13.926872253417969	0.4562217593193054	336.7662658691406	75.0	0.01
1	493	493	12.504520416259766	0.4797702729701996	300.6187438964844	80.0	0.01
1	494	494	13.456221580505371	0.35632777214050293	327.4973449707031	85.0	0.01
1	495	495	15.259199142456055	0.5242335796356201	368.3741455078125	70.0	0.01
1	496	496	14.660837173461914	0.29029446840286255	359.2635803222656	90.0	0.01
1	497	497	11.283291816711426	0.6854428052902222	264.94622802734375	70.0	0.01
1	498	498	11.092490196228027	0.4095662236213684	267.0731201171875	80.0	0.01
1	499	499	16.656455993652344	0.638386607170105	400.4517822265625	80.0	0.01
1	500	500	12.718125343322754	0.25843799114227295	311.4921875	95.0	0.01
1	501	501	14.321261405944824	0.4769465923309326	346.1078796386719	80.0	0.01
1	502	502	14.655580520629883	0.5034918785095215	353.80224609375	80.0	0.01
1	503	503	13.025288581848145	0.37369465827941895	316.28985595703125	85.0	0.01
1	504	504	12.379827499389648	0.4790147840976715	297.52032470703125	80.0	0.01
1	505	505	11.724411010742188	0.5643292665481567	279.0020446777344	70.0	0.01
1	506	506	11.984711647033691	0.5721336007118225	285.314453125	65.0	0.01
1	507	507	14.723645210266113	0.2520610988140106	361.78961181640625	95.0	0.01
1	508	508	11.128493309020996	0.3799692690372467	268.7131042480469	80.0	0.01
1	509	509	12.262581825256348	0.27302899956703186	299.73883056640625	90.0	0.01
1	510	510	12.332015037536621	0.4533022940158844	296.96783447265625	75.0	0.01
1	511	511	9.968936920166016	0.3026277422904968	241.65773010253906	90.0	0.01
1	512	512	12.657500267028809	0.25047048926353455	310.1757507324219	95.0	0.01
1	513	513	13.950672149658203	0.5865441560745239	334.10321044921875	70.0	0.01
1	514	514	11.387768745422363	0.4608924984931946	273.1719055175781	70.0	0.01
1	515	515	11.493727684020996	0.36685284972190857	278.171875	85.0	0.01
1	516	516	11.118423461914062	0.595832347869873	263.0647888183594	70.0	0.01
1	517	517	10.458174705505371	0.3339296281337738	253.1061248779297	90.0	0.01
1	518	518	12.875767707824707	0.31493276357650757	314.0208740234375	90.0	0.01
1	519	519	11.932948112487793	0.6541960835456848	281.96881103515625	70.0	0.01
1	520	520	12.967369079589844	0.6757017374038696	307.29168701171875	75.0	0.01
1	521	521	12.080095291137695	0.34532830119132996	293.3691711425781	85.0	0.01
1	522	522	11.198474884033203	0.5522469282150269	266.15570068359375	65.0	0.01
1	523	523	18.506919860839844	0.5641568899154663	448.569091796875	70.0	0.01
1	524	524	12.38839054107666	0.35047560930252075	300.9478759765625	85.0	0.01
1	525	525	13.286270141601562	0.2332339733839035	326.3258972167969	85.0	0.01
1	526	526	12.342331886291504	0.7017975449562073	291.01336669921875	60.0	0.01
1	527	527	11.186786651611328	0.37928450107574463	270.18756103515625	75.0	0.01
1	528	528	12.297715187072754	0.3567429482936859	298.5243225097656	90.0	0.01
1	529	529	13.349730491638184	0.5645734667778015	319.6289367675781	75.0	0.01
1	530	530	11.081802368164062	0.4507451057434082	265.7764587402344	70.0	0.01
1	531	531	8.969038009643555	0.3134254813194275	216.39031982421875	90.0	0.01
1	532	532	12.659008026123047	0.5334008932113647	303.14019775390625	80.0	0.01
1	533	533	15.073590278625488	0.599250078201294	361.8585205078125	80.0	0.01
1	534	534	12.055005073547363	0.3026454746723175	293.8089904785156	90.0	0.01
1	535	535	11.164616584777832	0.49761804938316345	266.67498779296875	75.0	0.01
1	536	536	9.585152626037598	0.42770639061927795	228.9361572265625	75.0	0.01
1	537	537	11.98827838897705	0.5359430909156799	286.3083801269531	75.0	0.01
1	538	538	10.02680778503418	0.3711220622062683	241.3921356201172	80.0	0.01
1	539	539	10.668619155883789	0.41958704590797424	256.2257995605469	80.0	0.01
1	540	540	10.445475578308105	0.19539925456047058	256.2519226074219	95.0	0.01
1	541	541	14.853737831115723	0.3290223479270935	363.1178894042969	90.0	0.01
1	542	542	11.61245059967041	0.20948389172554016	285.07415771484375	95.0	0.01
1	543	543	11.997467041015625	0.392840176820755	290.11566162109375	80.0	0.01
1	544	544	11.21924877166748	0.24819235503673553	274.2763977050781	100.0	0.01
1	545	545	10.746288299560547	0.33506032824516296	260.28070068359375	90.0	0.01
1	546	546	10.808643341064453	0.5666821599006653	256.0490417480469	75.0	0.01
1	547	547	12.251795768737793	0.6451824307441711	290.16534423828125	65.0	0.01
1	548	548	14.451257705688477	0.3366073966026306	352.86627197265625	75.0	0.01
1	549	549	15.324463844299316	0.5396788120269775	369.61962890625	65.0	0.01
1	550	550	10.819456100463867	0.45401471853256226	259.13604736328125	80.0	0.01
1	551	551	12.023823738098145	0.6182368993759155	285.1396789550781	75.0	0.01
1	552	552	12.603971481323242	0.3360455334186554	306.6981506347656	90.0	0.01
1	553	553	11.63497257232666	0.5210334062576294	277.8484802246094	80.0	0.01
1	554	554	9.693958282470703	0.28653186559677124	235.18568420410156	85.0	0.01
1	555	555	8.850358963012695	0.38082194328308105	211.73841857910156	80.0	0.01
1	556	556	11.931975364685059	0.46393904089927673	286.700927734375	85.0	0.01
1	557	557	11.631542205810547	0.39528757333755493	280.9063720703125	80.0	0.01
1	558	558	13.564470291137695	0.3802918493747711	329.6044616699219	75.0	0.01
1	559	559	11.22785758972168	0.29300856590270996	273.3712158203125	85.0	0.01
1	560	560	14.05471420288086	0.2448519766330719	345.2465515136719	90.0	0.01
1	561	561	9.953754425048828	0.40055474638938904	238.8300018310547	85.0	0.01
1	562	562	10.009183883666992	0.4760993421077728	238.32713317871094	80.0	0.01
1	563	563	9.516977310180664	0.5016559362411499	225.38304138183594	80.0	0.01
1	564	564	9.717153549194336	0.2866959571838379	235.76145935058594	90.0	0.01
1	565	565	14.305160522460938	0.30153608322143555	350.0906066894531	85.0	0.01
1	566	566	10.022435188293457	0.49546051025390625	238.1743621826172	75.0	0.01
1	567	567	11.665082931518555	0.3717813491821289	282.3325500488281	85.0	0.01
1	568	568	8.931707382202148	0.35401853919029236	214.44224548339844	75.0	0.01
1	569	569	13.348784446716309	0.7975862622261047	313.77996826171875	65.0	0.01
1	570	570	11.789555549621582	0.5724531412124634	280.42755126953125	70.0	0.01
1	571	571	10.20602798461914	0.31980711221694946	247.155517578125	80.0	0.01
1	572	572	12.673072814941406	0.3496171534061432	308.0863952636719	90.0	0.01
1	573	573	9.53668212890625	0.32794618606567383	230.2183837890625	90.0	0.01
1	574	574	14.651555061340332	0.6849696636199951	349.1646423339844	70.0	0.01
1	575	575	9.237975120544434	0.4924851357936859	218.63726806640625	80.0	0.01
1	576	576	10.808958053588867	0.508651077747345	257.5076904296875	75.0	0.01
2	1	577	11.239765167236328	0.2967284321784973	273.575927734375	95.0	0.01
2	2	578	11.238899230957031	0.10211750119924545	278.4195556640625	100.0	0.01
2	3	579	17.748188018798828	0.360829621553421	434.6839294433594	90.0	0.01
2	4	580	14.754512786865234	0.316322386264801	360.95477294921875	90.0	0.01
2	5	581	11.436197280883789	0.5454637408256531	272.2683410644531	75.0	0.01
2	6	582	12.33442211151123	0.46216267347335815	296.8064880371094	80.0	0.01
2	7	583	12.160863876342773	0.4251217842102051	293.3935546875	80.0	0.01
2	8	584	10.039539337158203	0.3451530337333679	242.3596649169922	85.0	0.01
2	9	585	16.494333267211914	0.3494854271411896	403.6211853027344	85.0	0.01
2	10	586	10.109947204589844	0.48264017701148987	240.68267822265625	80.0	0.01
2	11	587	11.372100830078125	0.5130400657653809	271.4765319824219	65.0	0.01
2	12	588	12.301164627075195	0.5121958255767822	294.7242431640625	75.0	0.01
2	13	589	13.348380088806152	0.47728461027145386	321.77740478515625	70.0	0.01
2	14	590	10.477423667907715	0.42815208435058594	251.23179626464844	85.0	0.01
2	15	591	10.589674949645996	0.35981184244155884	255.74658203125	85.0	0.01
2	16	592	12.3174467086792	0.47306936979293823	296.10943603515625	75.0	0.01
2	17	593	11.267168998718262	0.9822177886962891	257.123779296875	40.0	0.01
2	18	594	12.49031925201416	0.5616203546524048	298.21746826171875	70.0	0.01
2	19	595	12.253182411193848	0.5284403562545776	293.1185607910156	75.0	0.01
2	20	596	10.918550491333008	0.5680335164070129	258.762939453125	80.0	0.01
2	21	597	10.196492195129395	0.5649812817573547	240.78778076171875	85.0	0.01
2	22	598	14.854045867919922	0.4366936683654785	360.4338073730469	80.0	0.01
2	23	599	10.401557922363281	0.41863465309143066	249.57310485839844	80.0	0.01
2	24	600	10.896201133728027	0.40903353691101074	262.17919921875	85.0	0.01
2	25	601	12.060336112976074	0.5557588934898376	287.61444091796875	75.0	0.01
2	26	602	13.868760108947754	0.5726114511489868	332.4037170410156	60.0	0.01
2	27	603	12.582422256469727	0.34754931926727295	305.871826171875	85.0	0.01
2	28	604	11.895840644836426	0.1694716215133667	293.15924072265625	100.0	0.01
2	29	605	9.25281047821045	0.44899997115135193	220.0952606201172	75.0	0.01
2	30	606	8.176484107971191	0.4351568818092346	193.53318786621094	80.0	0.01
2	31	607	10.469451904296875	0.63468337059021	245.86920166015625	65.0	0.01
2	32	608	11.075225830078125	0.48961177468299866	264.6403503417969	70.0	0.01
2	33	609	8.824100494384766	0.46530598402023315	208.9698486328125	85.0	0.01
2	34	610	11.394418716430664	0.3214867115020752	276.82330322265625	80.0	0.01
2	35	611	9.892596244812012	0.4474841058254242	236.1278076171875	75.0	0.01
2	36	612	7.289463520050049	0.3749639689922333	172.8625030517578	85.0	0.01
2	37	613	9.62105941772461	0.6113190650939941	225.2435302734375	60.0	0.01
2	38	614	15.802062034606934	0.3295665383338928	386.8123779296875	85.0	0.01
2	39	615	13.083365440368652	0.40451812744140625	316.97119140625	75.0	0.01
2	40	616	11.075515747070312	0.7406324148178101	258.3721008300781	65.0	0.01
2	41	617	12.149017333984375	0.35932716727256775	294.74224853515625	90.0	0.01
2	42	618	9.681227684020996	0.3426910936832428	233.46340942382812	80.0	0.01
2	43	619	12.52109432220459	0.5334532856941223	299.6910400390625	80.0	0.01
2	44	620	11.95022964477539	0.27636513113975525	291.84661865234375	95.0	0.01
2	45	621	11.16360855102539	0.31663206219673157	271.1744079589844	85.0	0.01
2	46	622	9.745931625366211	0.3275613784790039	235.45925903320312	85.0	0.01
2	47	623	11.952889442443848	0.3259785771369934	290.67279052734375	90.0	0.01
2	48	624	13.797948837280273	0.6604486107826233	328.4375	70.0	0.01
2	49	625	10.410645484924316	0.4549732804298401	248.89181518554688	85.0	0.01
2	50	626	9.815522193908691	0.43957939743995667	234.39859008789062	70.0	0.01
2	51	627	13.034975051879883	0.6983960270881653	308.41448974609375	75.0	0.01
2	52	628	7.840883255004883	0.2799653112888336	189.02294921875	85.0	0.01
2	53	629	11.784852027893066	0.7761828303337097	275.21673583984375	75.0	0.01
2	54	630	10.57436752319336	0.509337306022644	251.62574768066406	85.0	0.01
2	55	631	13.887726783752441	0.7163474559783936	329.28448486328125	60.0	0.01
2	56	632	10.117996215820312	0.21666045486927032	247.5334014892578	90.0	0.01
2	57	633	12.093841552734375	0.26266831159591675	295.7793273925781	90.0	0.01
2	58	634	8.832898139953613	0.32678648829460144	212.65280151367188	90.0	0.01
2	59	635	10.411852836608887	0.2908065617084503	253.02615356445312	90.0	0.01
2	60	636	10.35289478302002	0.3614432215690613	249.78628540039062	85.0	0.01
2	61	637	13.038202285766602	0.3755562901496887	316.566162109375	75.0	0.01
2	62	638	11.657587051391602	0.41175127029418945	281.1459045410156	80.0	0.01
2	63	639	9.556135177612305	0.4647088050842285	227.28564453125	80.0	0.01
2	64	640	12.471129417419434	0.2034718245267868	306.6914367675781	100.0	0.01
2	65	641	11.231945037841797	0.6992061138153076	263.3184814453125	65.0	0.01
2	66	642	13.341170310974121	0.1803184449672699	329.02130126953125	100.0	0.01
2	67	643	10.591019630432129	0.8371397852897644	243.8470001220703	65.0	0.01
2	68	644	9.971360206604004	0.5222140550613403	236.22865295410156	75.0	0.01
2	69	645	10.2714262008667	0.3387194573879242	248.31768798828125	85.0	0.01
2	70	646	10.453742027282715	0.27572983503341675	254.45030212402344	90.0	0.01
2	71	647	10.26622200012207	0.6387466192245483	240.6868896484375	65.0	0.01
2	72	648	10.316642761230469	0.5479421615600586	244.217529296875	60.0	0.01
2	73	649	10.208868980407715	0.3535422682762146	246.3831787109375	85.0	0.01
2	74	650	9.682893753051758	0.4613007605075836	230.53982543945312	75.0	0.01
2	75	651	10.904287338256836	0.43086281418800354	261.83563232421875	80.0	0.01
2	76	652	11.300689697265625	0.5959105491638184	267.6195068359375	70.0	0.01
2	77	653	19.23650360107422	0.2391313761472702	474.934326171875	90.0	0.01
2	78	654	10.978992462158203	0.6816282868385315	257.4341125488281	70.0	0.01
2	79	655	35.00139617919922	0.28722742199897766	867.854248046875	85.0	0.01
2	80	656	11.534534454345703	0.29015442728996277	281.1094970703125	90.0	0.01
2	81	657	11.139848709106445	0.374318927526474	269.13824462890625	80.0	0.01
2	82	658	12.035135269165039	0.6447666883468628	284.75921630859375	65.0	0.01
2	83	659	9.957088470458984	0.24690866470336914	242.7545166015625	95.0	0.01
2	84	660	9.572759628295898	0.3447605073451996	230.69996643066406	85.0	0.01
2	85	661	12.121788024902344	0.3600672781467438	294.04302978515625	80.0	0.01
2	86	662	13.013278007507324	0.40783628821372986	315.13604736328125	75.0	0.01
2	87	663	10.584044456481934	0.3758097290992737	255.20587158203125	80.0	0.01
2	88	664	9.68452262878418	0.2781603932380676	235.1590576171875	95.0	0.01
2	89	665	11.589437484741211	0.5381719470024109	276.2816467285156	80.0	0.01
2	90	666	10.950013160705566	0.38140252232551575	264.21527099609375	90.0	0.01
2	91	667	10.415614128112793	0.2647317349910736	253.77206420898438	90.0	0.01
2	92	668	8.897276878356934	0.34697502851486206	213.75755310058594	90.0	0.01
